{"numFailedTestSuites":2,"numFailedTests":4,"numPassedTestSuites":2,"numPassedTests":14,"numPendingTestSuites":0,"numPendingTests":0,"numRuntimeErrorTestSuites":0,"numTodoTests":0,"numTotalTestSuites":4,"numTotalTests":18,"openHandles":[],"snapshot":{"added":0,"didUpdate":false,"failure":false,"filesAdded":0,"filesRemoved":0,"filesRemovedList":[],"filesUnmatched":0,"filesUpdated":0,"matched":0,"total":0,"unchecked":0,"uncheckedKeysByFile":[],"unmatched":0,"updated":0},"startTime":1753683063298,"success":false,"testResults":[{"assertionResults":[{"ancestorTitles":["StudentDashboard"],"failureMessages":[],"fullName":"StudentDashboard loads and shows student registrations","location":null,"status":"passed","title":"loads and shows student registrations"},{"ancestorTitles":["StudentDashboard"],"failureMessages":[],"fullName":"StudentDashboard shows empty message if no registrations","location":null,"status":"passed","title":"shows empty message if no registrations"},{"ancestorTitles":["StudentDashboard"],"failureMessages":[],"fullName":"StudentDashboard shows loading indicator","location":null,"status":"passed","title":"shows loading indicator"},{"ancestorTitles":["StudentDashboard"],"failureMessages":[],"fullName":"StudentDashboard shows error message if API fails","location":null,"status":"passed","title":"shows error message if API fails"}],"endTime":1753683065604,"message":"","name":"/home/coder/project/workspace/question_generation_service/solutions/41dfe1e9-c64a-4e25-9498-4b755fe04a54/reactapp/src/components/StudentDashboard.test.js","startTime":1753683064053,"status":"passed","summary":""},{"assertionResults":[{"ancestorTitles":["EventList"],"failureMessages":[],"fullName":"EventList shows loading and then renders events","location":null,"status":"passed","title":"shows loading and then renders events"},{"ancestorTitles":["EventList"],"failureMessages":[],"fullName":"EventList filters events by category","location":null,"status":"passed","title":"filters events by category"},{"ancestorTitles":["EventList"],"failureMessages":[],"fullName":"EventList shows empty message if no events","location":null,"status":"passed","title":"shows empty message if no events"},{"ancestorTitles":["EventList"],"failureMessages":[],"fullName":"EventList shows error message if fetch fails","location":null,"status":"passed","title":"shows error message if fetch fails"},{"ancestorTitles":["EventList"],"failureMessages":[],"fullName":"EventList navigates to event details on button click","location":null,"status":"passed","title":"navigates to event details on button click"}],"endTime":1753683065769,"message":"","name":"/home/coder/project/workspace/question_generation_service/solutions/41dfe1e9-c64a-4e25-9498-4b755fe04a54/reactapp/src/components/EventList.test.js","startTime":1753683064167,"status":"passed","summary":""},{"assertionResults":[{"ancestorTitles":["App Navigation and Routing"],"failureMessages":[],"fullName":"App Navigation and Routing Navbar renders links and navigates","location":null,"status":"passed","title":"Navbar renders links and navigates"},{"ancestorTitles":["App Navigation and Routing"],"failureMessages":[],"fullName":"App Navigation and Routing Renders event list on / route","location":null,"status":"passed","title":"Renders event list on / route"},{"ancestorTitles":["App Navigation and Routing"],"failureMessages":[],"fullName":"App Navigation and Routing Renders event details when navigating to event details","location":null,"status":"passed","title":"Renders event details when navigating to event details"},{"ancestorTitles":["App Navigation and Routing"],"failureMessages":["TestingLibraryElementError: Unable to find a label with the text of: /Student ID/\n\nIgnored nodes: comments, script, style\n\u001b[36m<body>\u001b[39m\n  \u001b[36m<div>\u001b[39m\n    \u001b[36m<div\u001b[39m\n      \u001b[33mclass\u001b[39m=\u001b[32m\"app-root\"\u001b[39m\n    \u001b[36m>\u001b[39m\n      \u001b[36m<nav\u001b[39m\n        \u001b[33mclass\u001b[39m=\u001b[32m\"navbar\"\u001b[39m\n      \u001b[36m>\u001b[39m\n        \u001b[36m<div\u001b[39m\n          \u001b[33mclass\u001b[39m=\u001b[32m\"navbar-brand\"\u001b[39m\n        \u001b[36m>\u001b[39m\n          \u001b[0mCollege Event Management\u001b[0m\n        \u001b[36m</div>\u001b[39m\n        \u001b[36m<ul\u001b[39m\n          \u001b[33mclass\u001b[39m=\u001b[32m\"navbar-links\"\u001b[39m\n        \u001b[36m>\u001b[39m\n          \u001b[36m<li>\u001b[39m\n            \u001b[36m<a\u001b[39m\n              \u001b[33mhref\u001b[39m=\u001b[32m\"/\"\u001b[39m\n            \u001b[36m>\u001b[39m\n              \u001b[0mHome\u001b[0m\n            \u001b[36m</a>\u001b[39m\n          \u001b[36m</li>\u001b[39m\n          \u001b[36m<li>\u001b[39m\n            \u001b[36m<a\u001b[39m\n              \u001b[33mhref\u001b[39m=\u001b[32m\"/dashboard\"\u001b[39m\n            \u001b[36m>\u001b[39m\n              \u001b[0mStudent Dashboard\u001b[0m\n            \u001b[36m</a>\u001b[39m\n          \u001b[36m</li>\u001b[39m\n        \u001b[36m</ul>\u001b[39m\n      \u001b[36m</nav>\u001b[39m\n      \u001b[36m<div\u001b[39m\n        \u001b[33mclass\u001b[39m=\u001b[32m\"main-content\"\u001b[39m\n      \u001b[36m>\u001b[39m\n        \u001b[36m<div\u001b[39m\n          \u001b[33mclass\u001b[39m=\u001b[32m\"event-list-container\"\u001b[39m\n        \u001b[36m>\u001b[39m\n          \u001b[36m<h2>\u001b[39m\n            \u001b[0mAll Events\u001b[0m\n          \u001b[36m</h2>\u001b[39m\n          \u001b[36m<label\u001b[39m\n            \u001b[33mfor\u001b[39m=\u001b[32m\"category-select\"\u001b[39m\n          \u001b[36m>\u001b[39m\n            \u001b[0mFilter by Category: \u001b[0m\n          \u001b[36m</label>\u001b[39m\n          \u001b[36m<select\u001b[39m\n            \u001b[33mdata-testid\u001b[39m=\u001b[32m\"category-select\"\u001b[39m\n            \u001b[33mid\u001b[39m=\u001b[32m\"category-select\"\u001b[39m\n          \u001b[36m>\u001b[39m\n            \u001b[36m<option\u001b[39m\n              \u001b[33mvalue\u001b[39m=\u001b[32m\"ALL\"\u001b[39m\n            \u001b[36m>\u001b[39m\n              \u001b[0mAll\u001b[0m\n            \u001b[36m</option>\u001b[39m\n            \u001b[36m<option\u001b[39m\n              \u001b[33mvalue\u001b[39m=\u001b[32m\"TECHNICAL\"\u001b[39m\n            \u001b[36m>\u001b[39m\n              \u001b[0mTechnical\u001b[0m\n            \u001b[36m</option>\u001b[39m\n            \u001b[36m<option\u001b[39m\n              \u001b[33mvalue\u001b[39m=\u001b[32m\"CULTURAL\"\u001b[39m\n            \u001b[36m>\u001b[39m\n              \u001b[0mCultural\u001b[0m\n            \u001b[36m</option>\u001b[39m\n            \u001b[36m<option\u001b[39m\n              \u001b[33mvalue\u001b[39m=\u001b[32m\"SPORTS\"\u001b[39m\n            \u001b[36m>\u001b[39m\n              \u001b[0mSports\u001b[0m\n            \u001b[36m</option>\u001b[39m\n            \u001b[36m<option\u001b[39m\n              \u001b[33mvalue\u001b[39m=\u001b[32m\"WORKSHOP\"\u001b[39m\n            \u001b[36m>\u001b[39m\n              \u001b[0mWorkshop\u001b[0m\n            \u001b[36m</option>\u001b[39m\n          \u001b[36m</select>\u001b[39m\n          \u001b[36m<div\u001b[39m\n            \u001b[33mdata-testid\u001b[39m=\u001b[32m\"loading\"\u001b[39m\n          \u001b[36m>\u001b[39m\n            \u001b[0mLoading events...\u001b[0m\n          \u001b[36m</div>\u001b[39m\n          \u001b[36m<div\u001b[39m\n            \u001b[33mclass\u001b[39m=\u001b[32m\"pagination-bar\"\u001b[39m\n          \u001b[36m>\u001b[39m\n            \u001b[36m<button\u001b[39m\n              \u001b[33mdata-testid\u001b[39m=\u001b[32m\"prev-page\"\u001b[39m\n              \u001b[33mdisabled\u001b[39m=\u001b[32m\"\"\u001b[39m\n            \u001b[36m>\u001b[39m\n              \u001b[0mPrev\u001b[0m\n            \u001b[36m</button>\u001b[39m\n            \u001b[36m<span>\u001b[39m\n              \u001b[0m Page \u001b[0m\n              \u001b[0m1\u001b[0m\n              \u001b[0m of \u001b[0m\n              \u001b[0m1\u001b[0m\n              \u001b[0m \u001b[0m\n            \u001b[36m</span>\u001b[39m\n            \u001b[36m<button\u001b[39m\n              \u001b[33mdata-testid\u001b[39m=\u001b[32m\"next-page\"\u001b[39m\n              \u001b[33mdisabled\u001b[39m=\u001b[32m\"\"\u001b[39m\n            \u001b[36m>\u001b[39m\n              \u001b[0mNext\u001b[0m\n            \u001b[36m</button>\u001b[39m\n          \u001b[36m</div>\u001b[39m\n        \u001b[36m</div>\u001b[39m\n      \u001b[36m</div>\u001b[39m\n    \u001b[36m</div>\u001b[39m\n  \u001b[36m</div>\u001b[39m\n\u001b[36m</body>\u001b[39m\n    at Object.getElementError (/home/coder/project/workspace/question_generation_service/solutions/41dfe1e9-c64a-4e25-9498-4b755fe04a54/reactapp/node_modules/@testing-library/react/node_modules/@testing-library/dom/dist/config.js:37:19)\n    at getAllByLabelText (/home/coder/project/workspace/question_generation_service/solutions/41dfe1e9-c64a-4e25-9498-4b755fe04a54/reactapp/node_modules/@testing-library/react/node_modules/@testing-library/dom/dist/queries/label-text.js:103:38)\n    at /home/coder/project/workspace/question_generation_service/solutions/41dfe1e9-c64a-4e25-9498-4b755fe04a54/reactapp/node_modules/@testing-library/react/node_modules/@testing-library/dom/dist/query-helpers.js:52:17\n    at getByLabelText (/home/coder/project/workspace/question_generation_service/solutions/41dfe1e9-c64a-4e25-9498-4b755fe04a54/reactapp/node_modules/@testing-library/react/node_modules/@testing-library/dom/dist/query-helpers.js:95:19)\n    at Object.<anonymous> (/home/coder/project/workspace/question_generation_service/solutions/41dfe1e9-c64a-4e25-9498-4b755fe04a54/reactapp/src/App.test.js:27:19)\n    at Promise.then.completed (/home/coder/project/workspace/question_generation_service/solutions/41dfe1e9-c64a-4e25-9498-4b755fe04a54/reactapp/node_modules/jest-circus/build/utils.js:391:28)\n    at new Promise (<anonymous>)\n    at callAsyncCircusFn (/home/coder/project/workspace/question_generation_service/solutions/41dfe1e9-c64a-4e25-9498-4b755fe04a54/reactapp/node_modules/jest-circus/build/utils.js:316:10)\n    at _callCircusTest (/home/coder/project/workspace/question_generation_service/solutions/41dfe1e9-c64a-4e25-9498-4b755fe04a54/reactapp/node_modules/jest-circus/build/run.js:218:40)\n    at processTicksAndRejections (node:internal/process/task_queues:95:5)\n    at _runTest (/home/coder/project/workspace/question_generation_service/solutions/41dfe1e9-c64a-4e25-9498-4b755fe04a54/reactapp/node_modules/jest-circus/build/run.js:155:3)\n    at _runTestsForDescribeBlock (/home/coder/project/workspace/question_generation_service/solutions/41dfe1e9-c64a-4e25-9498-4b755fe04a54/reactapp/node_modules/jest-circus/build/run.js:66:9)\n    at _runTestsForDescribeBlock (/home/coder/project/workspace/question_generation_service/solutions/41dfe1e9-c64a-4e25-9498-4b755fe04a54/reactapp/node_modules/jest-circus/build/run.js:60:9)\n    at run (/home/coder/project/workspace/question_generation_service/solutions/41dfe1e9-c64a-4e25-9498-4b755fe04a54/reactapp/node_modules/jest-circus/build/run.js:25:3)\n    at runAndTransformResultsToJestFormat (/home/coder/project/workspace/question_generation_service/solutions/41dfe1e9-c64a-4e25-9498-4b755fe04a54/reactapp/node_modules/jest-circus/build/legacy-code-todo-rewrite/jestAdapterInit.js:170:21)\n    at jestAdapter (/home/coder/project/workspace/question_generation_service/solutions/41dfe1e9-c64a-4e25-9498-4b755fe04a54/reactapp/node_modules/jest-circus/build/legacy-code-todo-rewrite/jestAdapter.js:82:19)\n    at runTestInternal (/home/coder/project/workspace/question_generation_service/solutions/41dfe1e9-c64a-4e25-9498-4b755fe04a54/reactapp/node_modules/jest-runner/build/runTest.js:389:16)\n    at runTest (/home/coder/project/workspace/question_generation_service/solutions/41dfe1e9-c64a-4e25-9498-4b755fe04a54/reactapp/node_modules/jest-runner/build/runTest.js:475:34)\n    at Object.worker (/home/coder/project/workspace/question_generation_service/solutions/41dfe1e9-c64a-4e25-9498-4b755fe04a54/reactapp/node_modules/jest-runner/build/testWorker.js:133:12)"],"fullName":"App Navigation and Routing Renders dashboard route","location":null,"status":"failed","title":"Renders dashboard route"}],"endTime":1753683065818,"message":"  ● App Navigation and Routing › Renders dashboard route\n\n    TestingLibraryElementError: Unable to find a label with the text of: /Student ID/\n\n    Ignored nodes: comments, script, style\n    \u001b[36m<body>\u001b[39m\n      \u001b[36m<div>\u001b[39m\n        \u001b[36m<div\u001b[39m\n          \u001b[33mclass\u001b[39m=\u001b[32m\"app-root\"\u001b[39m\n        \u001b[36m>\u001b[39m\n          \u001b[36m<nav\u001b[39m\n            \u001b[33mclass\u001b[39m=\u001b[32m\"navbar\"\u001b[39m\n          \u001b[36m>\u001b[39m\n            \u001b[36m<div\u001b[39m\n              \u001b[33mclass\u001b[39m=\u001b[32m\"navbar-brand\"\u001b[39m\n            \u001b[36m>\u001b[39m\n              \u001b[0mCollege Event Management\u001b[0m\n            \u001b[36m</div>\u001b[39m\n            \u001b[36m<ul\u001b[39m\n              \u001b[33mclass\u001b[39m=\u001b[32m\"navbar-links\"\u001b[39m\n            \u001b[36m>\u001b[39m\n              \u001b[36m<li>\u001b[39m\n                \u001b[36m<a\u001b[39m\n                  \u001b[33mhref\u001b[39m=\u001b[32m\"/\"\u001b[39m\n                \u001b[36m>\u001b[39m\n                  \u001b[0mHome\u001b[0m\n                \u001b[36m</a>\u001b[39m\n              \u001b[36m</li>\u001b[39m\n              \u001b[36m<li>\u001b[39m\n                \u001b[36m<a\u001b[39m\n                  \u001b[33mhref\u001b[39m=\u001b[32m\"/dashboard\"\u001b[39m\n                \u001b[36m>\u001b[39m\n                  \u001b[0mStudent Dashboard\u001b[0m\n                \u001b[36m</a>\u001b[39m\n              \u001b[36m</li>\u001b[39m\n            \u001b[36m</ul>\u001b[39m\n          \u001b[36m</nav>\u001b[39m\n          \u001b[36m<div\u001b[39m\n            \u001b[33mclass\u001b[39m=\u001b[32m\"main-content\"\u001b[39m\n          \u001b[36m>\u001b[39m\n            \u001b[36m<div\u001b[39m\n              \u001b[33mclass\u001b[39m=\u001b[32m\"event-list-container\"\u001b[39m\n            \u001b[36m>\u001b[39m\n              \u001b[36m<h2>\u001b[39m\n                \u001b[0mAll Events\u001b[0m\n              \u001b[36m</h2>\u001b[39m\n              \u001b[36m<label\u001b[39m\n                \u001b[33mfor\u001b[39m=\u001b[32m\"category-select\"\u001b[39m\n              \u001b[36m>\u001b[39m\n                \u001b[0mFilter by Category: \u001b[0m\n              \u001b[36m</label>\u001b[39m\n              \u001b[36m<select\u001b[39m\n                \u001b[33mdata-testid\u001b[39m=\u001b[32m\"category-select\"\u001b[39m\n                \u001b[33mid\u001b[39m=\u001b[32m\"category-select\"\u001b[39m\n              \u001b[36m>\u001b[39m\n                \u001b[36m<option\u001b[39m\n                  \u001b[33mvalue\u001b[39m=\u001b[32m\"ALL\"\u001b[39m\n                \u001b[36m>\u001b[39m\n                  \u001b[0mAll\u001b[0m\n                \u001b[36m</option>\u001b[39m\n                \u001b[36m<option\u001b[39m\n                  \u001b[33mvalue\u001b[39m=\u001b[32m\"TECHNICAL\"\u001b[39m\n                \u001b[36m>\u001b[39m\n                  \u001b[0mTechnical\u001b[0m\n                \u001b[36m</option>\u001b[39m\n                \u001b[36m<option\u001b[39m\n                  \u001b[33mvalue\u001b[39m=\u001b[32m\"CULTURAL\"\u001b[39m\n                \u001b[36m>\u001b[39m\n                  \u001b[0mCultural\u001b[0m\n                \u001b[36m</option>\u001b[39m\n                \u001b[36m<option\u001b[39m\n                  \u001b[33mvalue\u001b[39m=\u001b[32m\"SPORTS\"\u001b[39m\n                \u001b[36m>\u001b[39m\n                  \u001b[0mSports\u001b[0m\n                \u001b[36m</option>\u001b[39m\n                \u001b[36m<option\u001b[39m\n                  \u001b[33mvalue\u001b[39m=\u001b[32m\"WORKSHOP\"\u001b[39m\n                \u001b[36m>\u001b[39m\n                  \u001b[0mWorkshop\u001b[0m\n                \u001b[36m</option>\u001b[39m\n              \u001b[36m</select>\u001b[39m\n              \u001b[36m<div\u001b[39m\n                \u001b[33mdata-testid\u001b[39m=\u001b[32m\"loading\"\u001b[39m\n              \u001b[36m>\u001b[39m\n                \u001b[0mLoading events...\u001b[0m\n              \u001b[36m</div>\u001b[39m\n              \u001b[36m<div\u001b[39m\n                \u001b[33mclass\u001b[39m=\u001b[32m\"pagination-bar\"\u001b[39m\n              \u001b[36m>\u001b[39m\n                \u001b[36m<button\u001b[39m\n                  \u001b[33mdata-testid\u001b[39m=\u001b[32m\"prev-page\"\u001b[39m\n                  \u001b[33mdisabled\u001b[39m=\u001b[32m\"\"\u001b[39m\n                \u001b[36m>\u001b[39m\n                  \u001b[0mPrev\u001b[0m\n                \u001b[36m</button>\u001b[39m\n                \u001b[36m<span>\u001b[39m\n                  \u001b[0m Page \u001b[0m\n                  \u001b[0m1\u001b[0m\n                  \u001b[0m of \u001b[0m\n                  \u001b[0m1\u001b[0m\n                  \u001b[0m \u001b[0m\n                \u001b[36m</span>\u001b[39m\n                \u001b[36m<button\u001b[39m\n                  \u001b[33mdata-testid\u001b[39m=\u001b[32m\"next-page\"\u001b[39m\n                  \u001b[33mdisabled\u001b[39m=\u001b[32m\"\"\u001b[39m\n                \u001b[36m>\u001b[39m\n                  \u001b[0mNext\u001b[0m\n                \u001b[36m</button>\u001b[39m\n              \u001b[36m</div>\u001b[39m\n            \u001b[36m</div>\u001b[39m\n          \u001b[36m</div>\u001b[39m\n        \u001b[36m</div>\u001b[39m\n      \u001b[36m</div>\u001b[39m\n    \u001b[36m</body>\u001b[39m\n\n      25 |     render(<App />);\n      26 |     expect(screen.getByText(/Student Dashboard/)).toBeInTheDocument();\n    > 27 |     expect(screen.getByLabelText(/Student ID/)).toBeInTheDocument();\n         |                   ^\n      28 |   });\n      29 | });\n      30 |\n\n      at Object.getElementError (node_modules/@testing-library/react/node_modules/@testing-library/dom/dist/config.js:37:19)\n      at getAllByLabelText (node_modules/@testing-library/react/node_modules/@testing-library/dom/dist/queries/label-text.js:103:38)\n      at node_modules/@testing-library/react/node_modules/@testing-library/dom/dist/query-helpers.js:52:17\n      at getByLabelText (node_modules/@testing-library/react/node_modules/@testing-library/dom/dist/query-helpers.js:95:19)\n      at Object.<anonymous> (src/App.test.js:27:19)\n","name":"/home/coder/project/workspace/question_generation_service/solutions/41dfe1e9-c64a-4e25-9498-4b755fe04a54/reactapp/src/App.test.js","startTime":1753683064117,"status":"failed","summary":""},{"assertionResults":[{"ancestorTitles":["EventDetails"],"failureMessages":["Error: expect(element).toHaveTextContent()\n\nExpected element to have text content:\n  3 / 5\nReceived:\n  Registered:\n    at Object.<anonymous> (/home/coder/project/workspace/question_generation_service/solutions/41dfe1e9-c64a-4e25-9498-4b755fe04a54/reactapp/src/components/EventDetails.test.js:41:45)"],"fullName":"EventDetails shows loading state and then details","location":null,"status":"failed","title":"shows loading state and then details"},{"ancestorTitles":["EventDetails"],"failureMessages":["TypeError: Cannot read properties of undefined (reading 'then')\n    at /home/coder/project/workspace/question_generation_service/solutions/41dfe1e9-c64a-4e25-9498-4b755fe04a54/reactapp/src/components/EventDetails.js:30:35\n    at commitHookEffectListMount (/home/coder/project/workspace/question_generation_service/solutions/41dfe1e9-c64a-4e25-9498-4b755fe04a54/reactapp/node_modules/react-dom/cjs/react-dom.development.js:23189:26)\n    at commitPassiveMountOnFiber (/home/coder/project/workspace/question_generation_service/solutions/41dfe1e9-c64a-4e25-9498-4b755fe04a54/reactapp/node_modules/react-dom/cjs/react-dom.development.js:24970:11)\n    at commitPassiveMountEffects_complete (/home/coder/project/workspace/question_generation_service/solutions/41dfe1e9-c64a-4e25-9498-4b755fe04a54/reactapp/node_modules/react-dom/cjs/react-dom.development.js:24930:9)\n    at commitPassiveMountEffects_begin (/home/coder/project/workspace/question_generation_service/solutions/41dfe1e9-c64a-4e25-9498-4b755fe04a54/reactapp/node_modules/react-dom/cjs/react-dom.development.js:24917:7)\n    at commitPassiveMountEffects (/home/coder/project/workspace/question_generation_service/solutions/41dfe1e9-c64a-4e25-9498-4b755fe04a54/reactapp/node_modules/react-dom/cjs/react-dom.development.js:24905:3)\n    at flushPassiveEffectsImpl (/home/coder/project/workspace/question_generation_service/solutions/41dfe1e9-c64a-4e25-9498-4b755fe04a54/reactapp/node_modules/react-dom/cjs/react-dom.development.js:27078:3)\n    at flushPassiveEffects (/home/coder/project/workspace/question_generation_service/solutions/41dfe1e9-c64a-4e25-9498-4b755fe04a54/reactapp/node_modules/react-dom/cjs/react-dom.development.js:27023:14)\n    at /home/coder/project/workspace/question_generation_service/solutions/41dfe1e9-c64a-4e25-9498-4b755fe04a54/reactapp/node_modules/react-dom/cjs/react-dom.development.js:26808:9\n    at flushActQueue (/home/coder/project/workspace/question_generation_service/solutions/41dfe1e9-c64a-4e25-9498-4b755fe04a54/reactapp/node_modules/react/cjs/react.development.js:2667:24)\n    at act (/home/coder/project/workspace/question_generation_service/solutions/41dfe1e9-c64a-4e25-9498-4b755fe04a54/reactapp/node_modules/react/cjs/react.development.js:2582:11)\n    at actWithWarning (/home/coder/project/workspace/question_generation_service/solutions/41dfe1e9-c64a-4e25-9498-4b755fe04a54/reactapp/node_modules/react-dom/cjs/react-dom-test-utils.development.js:1740:10)\n    at /home/coder/project/workspace/question_generation_service/solutions/41dfe1e9-c64a-4e25-9498-4b755fe04a54/reactapp/node_modules/@testing-library/react/dist/act-compat.js:63:25\n    at renderRoot (/home/coder/project/workspace/question_generation_service/solutions/41dfe1e9-c64a-4e25-9498-4b755fe04a54/reactapp/node_modules/@testing-library/react/dist/pure.js:159:26)\n    at render (/home/coder/project/workspace/question_generation_service/solutions/41dfe1e9-c64a-4e25-9498-4b755fe04a54/reactapp/node_modules/@testing-library/react/dist/pure.js:246:10)\n    at renderComponent (/home/coder/project/workspace/question_generation_service/solutions/41dfe1e9-c64a-4e25-9498-4b755fe04a54/reactapp/src/components/EventDetails.test.js:22:18)\n    at Object.<anonymous> (/home/coder/project/workspace/question_generation_service/solutions/41dfe1e9-c64a-4e25-9498-4b755fe04a54/reactapp/src/components/EventDetails.test.js:48:5)\n    at Promise.then.completed (/home/coder/project/workspace/question_generation_service/solutions/41dfe1e9-c64a-4e25-9498-4b755fe04a54/reactapp/node_modules/jest-circus/build/utils.js:391:28)\n    at new Promise (<anonymous>)\n    at callAsyncCircusFn (/home/coder/project/workspace/question_generation_service/solutions/41dfe1e9-c64a-4e25-9498-4b755fe04a54/reactapp/node_modules/jest-circus/build/utils.js:316:10)\n    at _callCircusTest (/home/coder/project/workspace/question_generation_service/solutions/41dfe1e9-c64a-4e25-9498-4b755fe04a54/reactapp/node_modules/jest-circus/build/run.js:218:40)\n    at _runTest (/home/coder/project/workspace/question_generation_service/solutions/41dfe1e9-c64a-4e25-9498-4b755fe04a54/reactapp/node_modules/jest-circus/build/run.js:155:3)\n    at _runTestsForDescribeBlock (/home/coder/project/workspace/question_generation_service/solutions/41dfe1e9-c64a-4e25-9498-4b755fe04a54/reactapp/node_modules/jest-circus/build/run.js:66:9)\n    at _runTestsForDescribeBlock (/home/coder/project/workspace/question_generation_service/solutions/41dfe1e9-c64a-4e25-9498-4b755fe04a54/reactapp/node_modules/jest-circus/build/run.js:60:9)\n    at run (/home/coder/project/workspace/question_generation_service/solutions/41dfe1e9-c64a-4e25-9498-4b755fe04a54/reactapp/node_modules/jest-circus/build/run.js:25:3)\n    at runAndTransformResultsToJestFormat (/home/coder/project/workspace/question_generation_service/solutions/41dfe1e9-c64a-4e25-9498-4b755fe04a54/reactapp/node_modules/jest-circus/build/legacy-code-todo-rewrite/jestAdapterInit.js:170:21)\n    at jestAdapter (/home/coder/project/workspace/question_generation_service/solutions/41dfe1e9-c64a-4e25-9498-4b755fe04a54/reactapp/node_modules/jest-circus/build/legacy-code-todo-rewrite/jestAdapter.js:82:19)\n    at runTestInternal (/home/coder/project/workspace/question_generation_service/solutions/41dfe1e9-c64a-4e25-9498-4b755fe04a54/reactapp/node_modules/jest-runner/build/runTest.js:389:16)\n    at runTest (/home/coder/project/workspace/question_generation_service/solutions/41dfe1e9-c64a-4e25-9498-4b755fe04a54/reactapp/node_modules/jest-runner/build/runTest.js:475:34)\n    at Object.worker (/home/coder/project/workspace/question_generation_service/solutions/41dfe1e9-c64a-4e25-9498-4b755fe04a54/reactapp/node_modules/jest-runner/build/testWorker.js:133:12)"],"fullName":"EventDetails shows Event not found","location":null,"status":"failed","title":"shows Event not found"},{"ancestorTitles":["EventDetails"],"failureMessages":[],"fullName":"EventDetails disables registration button when full","location":null,"status":"passed","title":"disables registration button when full"},{"ancestorTitles":["EventDetails"],"failureMessages":[],"fullName":"EventDetails registers student successfully","location":null,"status":"passed","title":"registers student successfully"},{"ancestorTitles":["EventDetails"],"failureMessages":["Error: Unable to find an element by: [data-testid=\"error-msg\"]\n\nIgnored nodes: comments, script, style\n\u001b[36m<body>\u001b[39m\n  \u001b[36m<div>\u001b[39m\n    \u001b[36m<div\u001b[39m\n      \u001b[33mclass\u001b[39m=\u001b[32m\"error\"\u001b[39m\n      \u001b[33mdata-testid\u001b[39m=\u001b[32m\"error\"\u001b[39m\n    \u001b[36m>\u001b[39m\n      \u001b[0mAlready registered\u001b[0m\n    \u001b[36m</div>\u001b[39m\n  \u001b[36m</div>\u001b[39m\n\u001b[36m</body>\u001b[39m\n    at waitForWrapper (/home/coder/project/workspace/question_generation_service/solutions/41dfe1e9-c64a-4e25-9498-4b755fe04a54/reactapp/node_modules/@testing-library/react/node_modules/@testing-library/dom/dist/wait-for.js:166:27)\n    at Object.<anonymous> (/home/coder/project/workspace/question_generation_service/solutions/41dfe1e9-c64a-4e25-9498-4b755fe04a54/reactapp/src/components/EventDetails.test.js:78:18)"],"fullName":"EventDetails shows error when registration fails","location":null,"status":"failed","title":"shows error when registration fails"}],"endTime":1753683066776,"message":"  ● EventDetails › shows loading state and then details\n\n    expect(element).toHaveTextContent()\n\n    Expected element to have text content:\n      3 / 5\n    Received:\n      Registered:\n\n      39 |     expect(screen.getByTestId('loading')).toBeInTheDocument();\n      40 |     await screen.findByText('Test Event');\n    > 41 |     expect(screen.getByText(/Registered:/)).toHaveTextContent('3 / 5');\n         |                                             ^\n      42 |     expect(screen.getByLabelText(/Student ID/)).toBeInTheDocument();\n      43 |     expect(screen.getByTestId('register-btn')).toBeInTheDocument();\n      44 |   });\n\n      at Object.<anonymous> (src/components/EventDetails.test.js:41:45)\n\n  ● EventDetails › shows Event not found\n\n    TypeError: Cannot read properties of undefined (reading 'then')\n\n      28 |   useEffect(() => {\n      29 |     if (!eventId) return;\n    > 30 |     getEventRegistrations(eventId)\n         |                                   ^\n      31 |       .then(res => setRegCount(Array.isArray(res.data) ? res.data.length : 0))\n      32 |       .catch(() => setRegCount(0));\n      33 |   }, [eventId]);\n\n      at src/components/EventDetails.js:30:35\n      at commitHookEffectListMount (node_modules/react-dom/cjs/react-dom.development.js:23189:26)\n      at commitPassiveMountOnFiber (node_modules/react-dom/cjs/react-dom.development.js:24970:11)\n      at commitPassiveMountEffects_complete (node_modules/react-dom/cjs/react-dom.development.js:24930:9)\n      at commitPassiveMountEffects_begin (node_modules/react-dom/cjs/react-dom.development.js:24917:7)\n      at commitPassiveMountEffects (node_modules/react-dom/cjs/react-dom.development.js:24905:3)\n      at flushPassiveEffectsImpl (node_modules/react-dom/cjs/react-dom.development.js:27078:3)\n      at flushPassiveEffects (node_modules/react-dom/cjs/react-dom.development.js:27023:14)\n      at node_modules/react-dom/cjs/react-dom.development.js:26808:9\n      at flushActQueue (node_modules/react/cjs/react.development.js:2667:24)\n      at act (node_modules/react/cjs/react.development.js:2582:11)\n      at actWithWarning (node_modules/react-dom/cjs/react-dom-test-utils.development.js:1740:10)\n      at node_modules/@testing-library/react/dist/act-compat.js:63:25\n      at renderRoot (node_modules/@testing-library/react/dist/pure.js:159:26)\n      at render (node_modules/@testing-library/react/dist/pure.js:246:10)\n      at renderComponent (src/components/EventDetails.test.js:22:18)\n      at Object.<anonymous> (src/components/EventDetails.test.js:48:5)\n\n  ● EventDetails › shows error when registration fails\n\n    Unable to find an element by: [data-testid=\"error-msg\"]\n\n    Ignored nodes: comments, script, style\n    \u001b[36m<body>\u001b[39m\n      \u001b[36m<div>\u001b[39m\n        \u001b[36m<div\u001b[39m\n          \u001b[33mclass\u001b[39m=\u001b[32m\"error\"\u001b[39m\n          \u001b[33mdata-testid\u001b[39m=\u001b[32m\"error\"\u001b[39m\n        \u001b[36m>\u001b[39m\n          \u001b[0mAlready registered\u001b[0m\n        \u001b[36m</div>\u001b[39m\n      \u001b[36m</div>\u001b[39m\n    \u001b[36m</body>\u001b[39m\n\n      76 |     fireEvent.change(screen.getByTestId('student-id-input'), { target: { value: 'S200' } });\n      77 |     fireEvent.click(screen.getByTestId('register-btn'));\n    > 78 |     await waitFor(() => expect(screen.getByTestId('error-msg')).toHaveTextContent('Already registered'));\n         |                  ^\n      79 |   });\n      80 | });\n      81 |\n\n      at waitForWrapper (node_modules/@testing-library/react/node_modules/@testing-library/dom/dist/wait-for.js:166:27)\n      at Object.<anonymous> (src/components/EventDetails.test.js:78:18)\n","name":"/home/coder/project/workspace/question_generation_service/solutions/41dfe1e9-c64a-4e25-9498-4b755fe04a54/reactapp/src/components/EventDetails.test.js","startTime":1753683064107,"status":"failed","summary":""}],"wasInterrupted":false}